s:\source\llvm\build\include\llvm\ir\attributes.inc
s:\source\llvm\build\include\llvm\ir\intrinsicimpl.inc
s:\source\llvm\build\include\llvm\ir\intrinsicenums.inc
s:\source\llvm\build\include\llvm\ir\intrinsicsaarch64.h
s:\source\llvm\build\include\llvm\ir\intrinsicsamdgpu.h
s:\source\llvm\build\include\llvm\ir\intrinsicsarm.h
s:\source\llvm\build\include\llvm\ir\intrinsicsbpf.h
s:\source\llvm\build\include\llvm\ir\intrinsicshexagon.h
s:\source\llvm\build\include\llvm\ir\intrinsicsmips.h
s:\source\llvm\build\include\llvm\ir\intrinsicsnvptx.h
s:\source\llvm\build\include\llvm\ir\intrinsicspowerpc.h
s:\source\llvm\build\include\llvm\ir\intrinsicsr600.h
s:\source\llvm\build\include\llvm\ir\intrinsicsriscv.h
s:\source\llvm\build\include\llvm\ir\intrinsicss390.h
s:\source\llvm\build\include\llvm\ir\intrinsicswebassembly.h
s:\source\llvm\build\include\llvm\ir\intrinsicsx86.h
s:\source\llvm\build\include\llvm\ir\intrinsicsxcore.h
s:\source\llvm\build\include\llvm\ir\cmakefiles\intrinsics_gen
s:\source\llvm\build\include\llvm\ir\cmakefiles\generate.stamp
s:\source\llvm\build\include\llvm\ir\x64\release\intrinsics_gen\intrinsics_gen.tlog\custombuild.command.1.tlog
s:\source\llvm\build\include\llvm\ir\x64\release\intrinsics_gen\intrinsics_gen.tlog\custombuild.read.1.tlog
s:\source\llvm\build\include\llvm\ir\x64\release\intrinsics_gen\intrinsics_gen.tlog\custombuild.write.1.tlog
